  Core.cpp
D:\Visual Studio 19\Soyuz\SoyuzKernel\src\Core.cpp(171,54): warning C4244: 'argument': conversion from 'int' to 'float', possible loss of data
D:\Visual Studio 19\Soyuz\SoyuzKernel\src\Core.cpp(171,33): warning C4244: 'argument': conversion from 'int' to 'float', possible loss of data
D:\Visual Studio 19\Soyuz\SoyuzKernel\src\Core.cpp(210,54): warning C4244: 'argument': conversion from 'int' to 'float', possible loss of data
D:\Visual Studio 19\Soyuz\SoyuzKernel\src\Core.cpp(210,33): warning C4244: 'argument': conversion from 'int' to 'float', possible loss of data
D:\Visual Studio 19\Soyuz\SoyuzKernel\src\Core.cpp(439,73): warning C4244: 'argument': conversion from 'int' to 'float', possible loss of data
D:\Visual Studio 19\Soyuz\SoyuzKernel\src\Core.cpp(439,52): warning C4244: 'argument': conversion from 'int' to 'float', possible loss of data
D:\Visual Studio 19\Soyuz\SoyuzKernel\src\Core.cpp(480,62): warning C4244: 'argument': conversion from 'int' to 'float', possible loss of data
D:\Visual Studio 19\Soyuz\SoyuzKernel\src\Core.cpp(480,41): warning C4244: 'argument': conversion from 'int' to 'float', possible loss of data
D:\Visual Studio 19\Soyuz\SoyuzKernel\src\Core.cpp(595,11): warning C4244: 'initializing': conversion from 'double' to 'float', possible loss of data
D:\Visual Studio 19\Soyuz\SoyuzKernel\src\Core.cpp(596,11): warning C4244: 'initializing': conversion from 'double' to 'float', possible loss of data
  FrameBuffer.cpp
  Input.cpp
  Log.cpp
D:\Visual Studio 19\Soyuz\SoyuzKernel\src\Log.cpp(34,30): warning C4018: '<': signed/unsigned mismatch
D:\Visual Studio 19\Soyuz\SoyuzKernel\src\Log.cpp(36,31): warning C4018: '<': signed/unsigned mismatch
  Mesh.cpp
  Model.cpp
  Shader.cpp
  ShaderScript.cpp
D:\Visual Studio 19\Soyuz\SoyuzKernel\src\ShaderScript.cpp(245,1): warning C4129: '	': unrecognized character escape sequence
  Generating Code...
  SoyuzKernel.vcxproj -> D:\Visual Studio 19\Soyuz\Debug\SoyuzKernel.lib
