  AssemblyInfo.obj : MSIL module encountered; incremental linking is disabled for MSIL; performing full link
SoyuzKernel.lib(Shader.obj) : warning LNK4075: ignoring '/EDITANDCONTINUE' due to '/INCREMENTAL:NO' specification
SoyuzKernel.lib(Shader.obj) : error LNK2001: unresolved external symbol __imp____glewAttachShader
SoyuzKernel.lib(Shader.obj) : error LNK2001: unresolved external symbol __imp____glewCompileShader
SoyuzKernel.lib(Shader.obj) : error LNK2001: unresolved external symbol __imp____glewCreateProgram
SoyuzKernel.lib(Shader.obj) : error LNK2001: unresolved external symbol __imp____glewCreateShader
SoyuzKernel.lib(Shader.obj) : error LNK2001: unresolved external symbol __imp____glewDeleteShader
SoyuzKernel.lib(Shader.obj) : error LNK2001: unresolved external symbol __imp____glewGetProgramInfoLog
SoyuzKernel.lib(Shader.obj) : error LNK2001: unresolved external symbol __imp____glewGetProgramiv
SoyuzKernel.lib(Shader.obj) : error LNK2001: unresolved external symbol __imp____glewGetShaderInfoLog
SoyuzKernel.lib(Shader.obj) : error LNK2001: unresolved external symbol __imp____glewGetShaderiv
SoyuzKernel.lib(Shader.obj) : error LNK2001: unresolved external symbol __imp____glewGetUniformLocation
SoyuzKernel.lib(Shader.obj) : error LNK2001: unresolved external symbol __imp____glewLinkProgram
SoyuzKernel.lib(Shader.obj) : error LNK2001: unresolved external symbol __imp____glewShaderSource
SoyuzKernel.lib(Shader.obj) : error LNK2001: unresolved external symbol __imp____glewUniform1f
SoyuzKernel.lib(Shader.obj) : error LNK2001: unresolved external symbol __imp____glewUniform1i
SoyuzKernel.lib(Shader.obj) : error LNK2001: unresolved external symbol __imp____glewUniform2f
SoyuzKernel.lib(Shader.obj) : error LNK2001: unresolved external symbol __imp____glewUniform3f
SoyuzKernel.lib(Shader.obj) : error LNK2001: unresolved external symbol __imp____glewUniform4f
SoyuzKernel.lib(Shader.obj) : error LNK2001: unresolved external symbol __imp____glewUniformMatrix3fv
SoyuzKernel.lib(Shader.obj) : error LNK2001: unresolved external symbol __imp____glewUniformMatrix4fv
SoyuzKernel.lib(Core.obj) : error LNK2019: unresolved external symbol _glewInit@0 referenced in function "private: void __thiscall SK::Core::initGLEW(void)" (?initGLEW@Core@SK@@AAEXXZ)
SoyuzKernel.lib(Core.obj) : error LNK2019: unresolved external symbol _glewGetErrorString@4 referenced in function "private: void __thiscall SK::Core::initGLEW(void)" (?initGLEW@Core@SK@@AAEXXZ)
SoyuzKernel.lib(Core.obj) : error LNK2019: unresolved external symbol _glfwInit referenced in function "private: void __thiscall SK::Core::initGLFW(void)" (?initGLFW@Core@SK@@AAEXXZ)
SoyuzKernel.lib(Core.obj) : error LNK2019: unresolved external symbol _glfwTerminate referenced in function "public: __thiscall SK::Core::~Core(void)" (??1Core@SK@@QAE@XZ)
SoyuzKernel.lib(Core.obj) : error LNK2019: unresolved external symbol _glfwWindowHint referenced in function "private: void __thiscall SK::Core::initGLFW(void)" (?initGLFW@Core@SK@@AAEXXZ)
SoyuzKernel.lib(Core.obj) : error LNK2019: unresolved external symbol _glfwCreateWindow referenced in function "private: void __thiscall SK::Core::initGLFW(void)" (?initGLFW@Core@SK@@AAEXXZ)
SoyuzKernel.lib(Core.obj) : error LNK2019: unresolved external symbol _glfwDestroyWindow referenced in function "public: __thiscall SK::Core::~Core(void)" (??1Core@SK@@QAE@XZ)
SoyuzKernel.lib(Core.obj) : error LNK2019: unresolved external symbol _glfwWindowShouldClose referenced in function "public: bool __thiscall SK::Core::update(void)" (?update@Core@SK@@QAE_NXZ)
SoyuzKernel.lib(Core.obj) : error LNK2019: unresolved external symbol _glfwSetWindowSizeCallback referenced in function "private: void __thiscall SK::Core::initGLFW(void)" (?initGLFW@Core@SK@@AAEXXZ)
SoyuzKernel.lib(Core.obj) : error LNK2019: unresolved external symbol _glfwPollEvents referenced in function "public: bool __thiscall SK::Core::update(void)" (?update@Core@SK@@QAE_NXZ)
SoyuzKernel.lib(Core.obj) : error LNK2019: unresolved external symbol _glfwSetKeyCallback referenced in function "private: void __thiscall SK::Core::initGLFW(void)" (?initGLFW@Core@SK@@AAEXXZ)
SoyuzKernel.lib(Core.obj) : error LNK2019: unresolved external symbol _glfwSetCharCallback referenced in function "private: void __thiscall SK::Core::initGLFW(void)" (?initGLFW@Core@SK@@AAEXXZ)
SoyuzKernel.lib(Core.obj) : error LNK2019: unresolved external symbol _glfwSetMouseButtonCallback referenced in function "private: void __thiscall SK::Core::initGLFW(void)" (?initGLFW@Core@SK@@AAEXXZ)
SoyuzKernel.lib(Core.obj) : error LNK2019: unresolved external symbol _glfwSetCursorPosCallback referenced in function "private: void __thiscall SK::Core::initGLFW(void)" (?initGLFW@Core@SK@@AAEXXZ)
SoyuzKernel.lib(Core.obj) : error LNK2019: unresolved external symbol _glfwSetScrollCallback referenced in function "private: void __thiscall SK::Core::initGLFW(void)" (?initGLFW@Core@SK@@AAEXXZ)
SoyuzKernel.lib(Core.obj) : error LNK2019: unresolved external symbol _glfwSetDropCallback referenced in function "private: void __thiscall SK::Core::initGLFW(void)" (?initGLFW@Core@SK@@AAEXXZ)
SoyuzKernel.lib(Core.obj) : error LNK2019: unresolved external symbol _glfwMakeContextCurrent referenced in function "private: void __thiscall SK::Core::initGLFW(void)" (?initGLFW@Core@SK@@AAEXXZ)
SoyuzKernel.lib(Core.obj) : error LNK2019: unresolved external symbol _glfwSwapBuffers referenced in function "public: bool __thiscall SK::Core::update(void)" (?update@Core@SK@@QAE_NXZ)
SoyuzKernel.lib(Core.obj) : error LNK2019: unresolved external symbol _glfwSwapInterval referenced in function "private: void __thiscall SK::Core::initGLFW(void)" (?initGLFW@Core@SK@@AAEXXZ)
SoyuzKernel.lib(Core.obj) : error LNK2001: unresolved external symbol ___glewActiveTexture
SoyuzKernel.lib(Core.obj) : error LNK2001: unresolved external symbol ___glewUseProgram
SoyuzKernel.lib(Core.obj) : error LNK2001: unresolved external symbol ___glewBindFramebuffer
SoyuzKernel.lib(Core.obj) : error LNK2001: unresolved external symbol _glewExperimental
SoyuzKernel.lib(FrameBuffer.obj) : error LNK2001: unresolved external symbol __imp____glewDrawBuffers
SoyuzKernel.lib(FrameBuffer.obj) : error LNK2001: unresolved external symbol __imp____glewFramebufferTexture
SoyuzKernel.lib(FrameBuffer.obj) : error LNK2001: unresolved external symbol __imp____glewBindFramebuffer
SoyuzKernel.lib(FrameBuffer.obj) : error LNK2001: unresolved external symbol __imp____glewCheckFramebufferStatus
SoyuzKernel.lib(FrameBuffer.obj) : error LNK2001: unresolved external symbol __imp____glewGenFramebuffers
SoyuzKernel.lib(Mesh.obj) : error LNK2001: unresolved external symbol __imp____glewBindBuffer
SoyuzKernel.lib(Mesh.obj) : error LNK2001: unresolved external symbol __imp____glewBufferData
SoyuzKernel.lib(Mesh.obj) : error LNK2001: unresolved external symbol __imp____glewDeleteBuffers
SoyuzKernel.lib(Mesh.obj) : error LNK2001: unresolved external symbol __imp____glewGenBuffers
SoyuzKernel.lib(Mesh.obj) : error LNK2001: unresolved external symbol __imp____glewEnableVertexAttribArray
SoyuzKernel.lib(Mesh.obj) : error LNK2001: unresolved external symbol __imp____glewVertexAttribPointer
SoyuzKernel.lib(Mesh.obj) : error LNK2001: unresolved external symbol __imp____glewBindVertexArray
SoyuzKernel.lib(Mesh.obj) : error LNK2001: unresolved external symbol __imp____glewDeleteVertexArrays
SoyuzKernel.lib(Mesh.obj) : error LNK2001: unresolved external symbol __imp____glewGenVertexArrays
..\SoyuzKernel\dependencies\libs\glew32sd.lib : warning LNK4272: library machine type 'x64' conflicts with target machine type 'x86'
..\SoyuzKernel\dependencies\libs\glfw3.lib : warning LNK4272: library machine type 'x64' conflicts with target machine type 'x86'
D:\Visual Studio 19\Soyuz\Debug\SoyuzKernelWrapper.dll : fatal error LNK1120: 56 unresolved externals
