  AssemblyInfo.obj : MSIL module encountered; incremental linking is disabled for MSIL; performing full link
SoyuzKernel.lib(Shader.obj) : warning LNK4075: ignoring '/EDITANDCONTINUE' due to '/INCREMENTAL:NO' specification
LINK : warning LNK4286: symbol '__glewAttachShader' defined in 'SoyuzKernel.lib(glew.obj)' is imported by 'SoyuzKernel.lib(Shader.obj)'
LINK : warning LNK4286: symbol '__glewCompileShader' defined in 'SoyuzKernel.lib(glew.obj)' is imported by 'SoyuzKernel.lib(Shader.obj)'
LINK : warning LNK4286: symbol '__glewCreateProgram' defined in 'SoyuzKernel.lib(glew.obj)' is imported by 'SoyuzKernel.lib(Shader.obj)'
LINK : warning LNK4286: symbol '__glewCreateShader' defined in 'SoyuzKernel.lib(glew.obj)' is imported by 'SoyuzKernel.lib(Shader.obj)'
LINK : warning LNK4286: symbol '__glewDeleteShader' defined in 'SoyuzKernel.lib(glew.obj)' is imported by 'SoyuzKernel.lib(Shader.obj)'
LINK : warning LNK4286: symbol '__glewGetProgramInfoLog' defined in 'SoyuzKernel.lib(glew.obj)' is imported by 'SoyuzKernel.lib(Shader.obj)'
LINK : warning LNK4286: symbol '__glewGetProgramiv' defined in 'SoyuzKernel.lib(glew.obj)' is imported by 'SoyuzKernel.lib(Shader.obj)'
LINK : warning LNK4286: symbol '__glewGetShaderInfoLog' defined in 'SoyuzKernel.lib(glew.obj)' is imported by 'SoyuzKernel.lib(Shader.obj)'
LINK : warning LNK4286: symbol '__glewGetShaderiv' defined in 'SoyuzKernel.lib(glew.obj)' is imported by 'SoyuzKernel.lib(Shader.obj)'
LINK : warning LNK4286: symbol '__glewGetUniformLocation' defined in 'SoyuzKernel.lib(glew.obj)' is imported by 'SoyuzKernel.lib(Shader.obj)'
LINK : warning LNK4286: symbol '__glewLinkProgram' defined in 'SoyuzKernel.lib(glew.obj)' is imported by 'SoyuzKernel.lib(Shader.obj)'
LINK : warning LNK4286: symbol '__glewShaderSource' defined in 'SoyuzKernel.lib(glew.obj)' is imported by 'SoyuzKernel.lib(Shader.obj)'
LINK : warning LNK4286: symbol '__glewUniform1f' defined in 'SoyuzKernel.lib(glew.obj)' is imported by 'SoyuzKernel.lib(Shader.obj)'
LINK : warning LNK4286: symbol '__glewUniform1i' defined in 'SoyuzKernel.lib(glew.obj)' is imported by 'SoyuzKernel.lib(Shader.obj)'
LINK : warning LNK4286: symbol '__glewUniform2f' defined in 'SoyuzKernel.lib(glew.obj)' is imported by 'SoyuzKernel.lib(Shader.obj)'
LINK : warning LNK4286: symbol '__glewUniform3f' defined in 'SoyuzKernel.lib(glew.obj)' is imported by 'SoyuzKernel.lib(Shader.obj)'
LINK : warning LNK4286: symbol '__glewUniform4f' defined in 'SoyuzKernel.lib(glew.obj)' is imported by 'SoyuzKernel.lib(Shader.obj)'
LINK : warning LNK4286: symbol '__glewUniformMatrix3fv' defined in 'SoyuzKernel.lib(glew.obj)' is imported by 'SoyuzKernel.lib(Shader.obj)'
LINK : warning LNK4286: symbol '__glewUniformMatrix4fv' defined in 'SoyuzKernel.lib(glew.obj)' is imported by 'SoyuzKernel.lib(Shader.obj)'
LINK : warning LNK4286: symbol '__glewDrawBuffers' defined in 'SoyuzKernel.lib(glew.obj)' is imported by 'SoyuzKernel.lib(FrameBuffer.obj)'
LINK : warning LNK4286: symbol '__glewFramebufferTexture' defined in 'SoyuzKernel.lib(glew.obj)' is imported by 'SoyuzKernel.lib(FrameBuffer.obj)'
LINK : warning LNK4286: symbol '__glewBindFramebuffer' defined in 'SoyuzKernel.lib(glew.obj)' is imported by 'SoyuzKernel.lib(FrameBuffer.obj)'
LINK : warning LNK4286: symbol '__glewCheckFramebufferStatus' defined in 'SoyuzKernel.lib(glew.obj)' is imported by 'SoyuzKernel.lib(FrameBuffer.obj)'
LINK : warning LNK4286: symbol '__glewGenFramebuffers' defined in 'SoyuzKernel.lib(glew.obj)' is imported by 'SoyuzKernel.lib(FrameBuffer.obj)'
LINK : warning LNK4286: symbol '__glewBindBuffer' defined in 'SoyuzKernel.lib(glew.obj)' is imported by 'SoyuzKernel.lib(Mesh.obj)'
LINK : warning LNK4286: symbol '__glewBufferData' defined in 'SoyuzKernel.lib(glew.obj)' is imported by 'SoyuzKernel.lib(Mesh.obj)'
LINK : warning LNK4286: symbol '__glewDeleteBuffers' defined in 'SoyuzKernel.lib(glew.obj)' is imported by 'SoyuzKernel.lib(Mesh.obj)'
LINK : warning LNK4286: symbol '__glewGenBuffers' defined in 'SoyuzKernel.lib(glew.obj)' is imported by 'SoyuzKernel.lib(Mesh.obj)'
LINK : warning LNK4286: symbol '__glewEnableVertexAttribArray' defined in 'SoyuzKernel.lib(glew.obj)' is imported by 'SoyuzKernel.lib(Mesh.obj)'
LINK : warning LNK4286: symbol '__glewVertexAttribPointer' defined in 'SoyuzKernel.lib(glew.obj)' is imported by 'SoyuzKernel.lib(Mesh.obj)'
LINK : warning LNK4286: symbol '__glewBindVertexArray' defined in 'SoyuzKernel.lib(glew.obj)' is imported by 'SoyuzKernel.lib(Mesh.obj)'
LINK : warning LNK4286: symbol '__glewDeleteVertexArrays' defined in 'SoyuzKernel.lib(glew.obj)' is imported by 'SoyuzKernel.lib(Mesh.obj)'
LINK : warning LNK4286: symbol '__glewGenVertexArrays' defined in 'SoyuzKernel.lib(glew.obj)' is imported by 'SoyuzKernel.lib(Mesh.obj)'
  SoyuzKernelWrapper.vcxproj -> D:\Visual Studio 19\Soyuz\x64\Debug\SoyuzKernelWrapper.dll
